<?xml version="1.0" encoding="UTF-8"?>
<!-- Generated by org.testng.reporters.JUnitXMLReporter -->
<testsuite ignored="0" hostname="LAPTOP-FA94PUIP" failures="5" tests="6" name="Scenario1.DataDrivenTest" time="75.146" errors="0" timestamp="2024-07-17T03:07:48 IST">
  <testcase classname="Scenario1.Datadriventest" name="testcase" time="20.75">
    <failure type="java.lang.AssertionError" message="Login fail expected [true] but found [false]">
      <![CDATA[java.lang.AssertionError: Login fail expected [true] but found [false]
at Scenario1.Datadriventest.testcase(Datadriventest.java:34)
at java.base/java.util.ArrayList.forEach(ArrayList.java:1511)
... Removed 30 stack frames]]>
    </failure>
  </testcase> <!-- testcase -->
  <testcase classname="Scenario1.Datadriventest" name="testcase" time="16.671">
    <failure type="java.lang.AssertionError" message="Login fail expected [true] but found [false]">
      <![CDATA[java.lang.AssertionError: Login fail expected [true] but found [false]
at Scenario1.Datadriventest.testcase(Datadriventest.java:34)
at java.base/java.util.ArrayList.forEach(ArrayList.java:1511)
... Removed 30 stack frames]]>
    </failure>
  </testcase> <!-- testcase -->
  <testcase classname="Scenario1.Datadriventest" name="testcase" time="15.013">
    <failure type="java.lang.AssertionError" message="Login fail expected [true] but found [false]">
      <![CDATA[java.lang.AssertionError: Login fail expected [true] but found [false]
at Scenario1.Datadriventest.testcase(Datadriventest.java:34)
at java.base/java.util.ArrayList.forEach(ArrayList.java:1511)
... Removed 30 stack frames]]>
    </failure>
  </testcase> <!-- testcase -->
  <testcase classname="Scenario1.Datadriventest" name="testcase" time="14.41"/>
  <testcase classname="Scenario1.Datadriventest" name="testcase" time="7.282">
    <failure type="java.lang.AssertionError" message="Login fail expected [true] but found [false]">
      <![CDATA[java.lang.AssertionError: Login fail expected [true] but found [false]
at Scenario1.Datadriventest.testcase(Datadriventest.java:34)
at java.base/java.util.ArrayList.forEach(ArrayList.java:1511)
... Removed 30 stack frames]]>
    </failure>
  </testcase> <!-- testcase -->
  <testcase classname="Scenario1.Extentlistenerstest" name="onTestStart" time="0.0">
    <failure type="org.testng.TestNGException" message="
Cannot inject @Test annotated Method [onTestStart] with [interface org.testng.ITestResult].
For more information on native dependency injection please refer to https://testng.org/#_dependency_injection">
      <![CDATA[org.testng.TestNGException: 
For more information on native dependency injection please refer to https://testng.org/#_dependency_injection
at java.base/java.util.ArrayList.forEach(ArrayList.java:1511)
... Removed 27 stack frames]]>
    </failure>
  </testcase> <!-- onTestStart -->
</testsuite> <!-- Scenario1.DataDrivenTest -->
